<?xml version="1.0" encoding="UTF-8"?>
<!-- Generated by org.testng.reporters.JUnitReportReporter -->
<testsuite hostname="Manoj" failures="0" tests="1" name="day4.tests.Start" time="9.993" errors="0" timestamp="2025-07-23T21:27:25 EDT" skipped="0">
  <testcase classname="day4.tests.Start" name="testScript3" time="9.993"/>
  <system-out/>
</testsuite> <!-- day4.tests.Start -->
